0 info it worked if it ends with ok
1 verbose cli [ '/Users/brianzelip/.nvm/versions/node/v4.4.1/bin/node',
1 verbose cli   '/Users/brianzelip/.nvm/versions/node/v4.4.1/bin/npm',
1 verbose cli   'run',
1 verbose cli   'dev' ]
2 info using npm@2.14.20
3 info using node@v4.4.1
4 verbose run-script [ 'predev', 'dev', 'postdev' ]
5 info predev brianzelip.github.io@1.0.0
6 info dev brianzelip.github.io@1.0.0
7 verbose unsafe-perm in lifecycle true
8 info brianzelip.github.io@1.0.0 Failed to exec dev script
9 verbose stack Error: brianzelip.github.io@1.0.0 dev: `cat src/*.css > css/bundle.css && postcss -u autoprefixer --autoprefixer.browsers '> 5%' -u cssnano -o css/bundle.css css/bundle.css -w && http-server .`
9 verbose stack spawn ENOENT
9 verbose stack     at ChildProcess.<anonymous> (/Users/brianzelip/.nvm/versions/node/v4.4.1/lib/node_modules/npm/lib/utils/spawn.js:17:16)
9 verbose stack     at emitTwo (events.js:87:13)
9 verbose stack     at ChildProcess.emit (events.js:172:7)
9 verbose stack     at maybeClose (internal/child_process.js:827:16)
9 verbose stack     at Process.ChildProcess._handle.onexit (internal/child_process.js:211:5)
10 verbose pkgid brianzelip.github.io@1.0.0
11 verbose cwd /Users/brianzelip/WebProjects/brianzelip.github.io
12 error Darwin 15.6.0
13 error argv "/Users/brianzelip/.nvm/versions/node/v4.4.1/bin/node" "/Users/brianzelip/.nvm/versions/node/v4.4.1/bin/npm" "run" "dev"
14 error node v4.4.1
15 error npm  v2.14.20
16 error file sh
17 error code ELIFECYCLE
18 error errno ENOENT
19 error syscall spawn
20 error brianzelip.github.io@1.0.0 dev: `cat src/*.css > css/bundle.css && postcss -u autoprefixer --autoprefixer.browsers '> 5%' -u cssnano -o css/bundle.css css/bundle.css -w && http-server .`
20 error spawn ENOENT
21 error Failed at the brianzelip.github.io@1.0.0 dev script 'cat src/*.css > css/bundle.css && postcss -u autoprefixer --autoprefixer.browsers '> 5%' -u cssnano -o css/bundle.css css/bundle.css -w && http-server .'.
21 error This is most likely a problem with the brianzelip.github.io package,
21 error not with npm itself.
21 error Tell the author that this fails on your system:
21 error     cat src/*.css > css/bundle.css && postcss -u autoprefixer --autoprefixer.browsers '> 5%' -u cssnano -o css/bundle.css css/bundle.css -w && http-server .
21 error You can get information on how to open an issue for this project with:
21 error     npm bugs brianzelip.github.io
21 error Or if that isn't available, you can get their info via:
21 error
21 error     npm owner ls brianzelip.github.io
21 error There is likely additional logging output above.
22 verbose exit [ 1, true ]
